2025-09-01 17:18:02 - INFO - 进入登陆界面
2025-09-01 17:18:02 - INFO - 登陆成功
2025-09-01 17:18:03 - INFO - 刷新成功
2025-09-01 17:18:03 - INFO - 表头采集完成
2025-09-01 17:18:09 - INFO - 表体采集完成
2025-09-01 17:18:09 - INFO - 字段处理完成
2025-09-01 17:18:09 - INFO - 数据插入成功
2025-09-01 17:18:09 - INFO - 第1次循环完成，耗时6.580888986587524秒
2025-09-01 17:18:23 - INFO - 刷新成功
2025-09-01 17:18:23 - INFO - 表头采集完成
2025-09-01 17:18:31 - INFO - 表体采集完成
2025-09-01 17:18:31 - INFO - 字段处理完成
2025-09-01 17:18:31 - INFO - 数据插入成功
2025-09-01 17:18:31 - INFO - 第2次循环完成，耗时8.565004110336304秒
2025-09-01 17:18:43 - INFO - 刷新成功
2025-09-01 17:18:43 - INFO - 表头采集完成
2025-09-01 17:18:51 - INFO - 表体采集完成
2025-09-01 17:18:51 - INFO - 字段处理完成
2025-09-01 17:18:51 - INFO - 数据插入成功
2025-09-01 17:18:51 - INFO - 第3次循环完成，耗时8.323310136795044秒
2025-09-01 17:19:03 - INFO - 刷新成功
2025-09-01 17:19:03 - INFO - 表头采集完成
2025-09-01 17:19:10 - INFO - 表体采集完成
2025-09-01 17:19:10 - INFO - 字段处理完成
2025-09-01 17:19:10 - INFO - 数据插入成功
2025-09-01 17:19:10 - INFO - 第4次循环完成，耗时7.8009889125823975秒
2025-09-01 17:19:23 - INFO - 刷新成功
2025-09-01 17:19:23 - INFO - 表头采集完成
2025-09-01 17:19:31 - INFO - 表体采集完成
2025-09-01 17:19:31 - INFO - 字段处理完成
2025-09-01 17:19:31 - INFO - 数据插入成功
2025-09-01 17:19:31 - INFO - 第5次循环完成，耗时8.209062099456787秒
2025-09-01 17:19:43 - INFO - 刷新成功
2025-09-01 17:19:43 - INFO - 表头采集完成
2025-09-01 17:19:50 - INFO - 表体采集完成
2025-09-01 17:19:50 - INFO - 字段处理完成
2025-09-01 17:19:50 - INFO - 数据插入成功
2025-09-01 17:19:50 - INFO - 第6次循环完成，耗时7.704829216003418秒
2025-09-01 17:20:03 - INFO - 刷新成功
2025-09-01 17:20:03 - INFO - 表头采集完成
2025-09-01 17:20:10 - INFO - 表体采集完成
2025-09-01 17:20:10 - INFO - 字段处理完成
2025-09-01 17:20:10 - INFO - 数据插入成功
2025-09-01 17:20:10 - INFO - 第7次循环完成，耗时7.763839960098267秒
2025-09-01 17:20:23 - INFO - 刷新成功
2025-09-01 17:20:23 - INFO - 表头采集完成
2025-09-01 17:20:30 - INFO - 表体采集完成
2025-09-01 17:20:30 - INFO - 字段处理完成
2025-09-01 17:20:30 - INFO - 数据插入成功
2025-09-01 17:20:30 - INFO - 第8次循环完成，耗时7.755018711090088秒
2025-09-01 17:20:43 - INFO - 刷新成功
2025-09-01 17:20:43 - INFO - 表头采集完成
2025-09-01 17:20:50 - INFO - 表体采集完成
2025-09-01 17:20:50 - INFO - 字段处理完成
2025-09-01 17:20:50 - INFO - 数据插入成功
2025-09-01 17:20:50 - INFO - 第9次循环完成，耗时7.848688840866089秒
2025-09-01 17:21:03 - INFO - 刷新成功
2025-09-01 17:21:03 - INFO - 表头采集完成
2025-09-01 17:21:10 - INFO - 表体采集完成
2025-09-01 17:21:10 - INFO - 字段处理完成
2025-09-01 17:21:10 - INFO - 数据插入成功
2025-09-01 17:21:10 - INFO - 第10次循环完成，耗时7.643587112426758秒
2025-09-01 17:21:23 - INFO - 刷新成功
2025-09-01 17:21:23 - INFO - 表头采集完成
2025-09-01 17:21:30 - INFO - 表体采集完成
2025-09-01 17:21:30 - INFO - 字段处理完成
2025-09-01 17:21:30 - INFO - 数据插入成功
2025-09-01 17:21:30 - INFO - 第11次循环完成，耗时7.647869348526001秒
2025-09-01 17:21:43 - INFO - 刷新成功
2025-09-01 17:21:43 - INFO - 表头采集完成
2025-09-01 17:21:50 - INFO - 表体采集完成
2025-09-01 17:21:50 - INFO - 字段处理完成
2025-09-01 17:21:50 - INFO - 数据插入成功
2025-09-01 17:21:50 - INFO - 第12次循环完成，耗时7.607974290847778秒
2025-09-01 17:22:03 - INFO - 刷新成功
2025-09-01 17:22:03 - INFO - 表头采集完成
2025-09-01 17:22:10 - INFO - 表体采集完成
2025-09-01 17:22:10 - INFO - 字段处理完成
2025-09-01 17:22:10 - INFO - 数据插入成功
2025-09-01 17:22:10 - INFO - 第13次循环完成，耗时7.735682964324951秒
2025-09-01 17:22:23 - INFO - 刷新成功
2025-09-01 17:22:23 - INFO - 表头采集完成
2025-09-01 17:22:31 - INFO - 表体采集完成
2025-09-01 17:22:31 - INFO - 字段处理完成
2025-09-01 17:22:31 - INFO - 数据插入成功
2025-09-01 17:22:31 - INFO - 第14次循环完成，耗时8.167996883392334秒
2025-09-01 17:22:43 - INFO - 刷新成功
2025-09-01 17:22:43 - INFO - 表头采集完成
2025-09-01 17:22:51 - INFO - 表体采集完成
2025-09-01 17:22:51 - INFO - 字段处理完成
2025-09-01 17:22:51 - INFO - 数据插入成功
2025-09-01 17:22:51 - INFO - 第15次循环完成，耗时8.360222339630127秒
2025-09-01 17:23:03 - INFO - 刷新成功
2025-09-01 17:23:03 - INFO - 表头采集完成
2025-09-01 17:23:11 - INFO - 表体采集完成
2025-09-01 17:23:11 - INFO - 字段处理完成
2025-09-01 17:23:11 - INFO - 数据插入成功
2025-09-01 17:23:11 - INFO - 第16次循环完成，耗时8.160502672195435秒
2025-09-01 17:23:23 - INFO - 刷新成功
2025-09-01 17:23:23 - INFO - 表头采集完成
2025-09-01 17:23:30 - INFO - 表体采集完成
2025-09-01 17:23:30 - INFO - 字段处理完成
2025-09-01 17:23:31 - INFO - 数据插入成功
2025-09-01 17:23:31 - INFO - 第17次循环完成，耗时7.869553804397583秒
2025-09-01 17:23:43 - INFO - 刷新成功
2025-09-01 17:23:43 - INFO - 表头采集完成
2025-09-01 17:23:50 - INFO - 表体采集完成
2025-09-01 17:23:50 - INFO - 字段处理完成
2025-09-01 17:23:50 - INFO - 数据插入成功
2025-09-01 17:23:50 - INFO - 第18次循环完成，耗时7.795944929122925秒
2025-09-01 17:24:03 - INFO - 循环完成
2025-09-01 17:24:03 - INFO - 前日数据清理完成
2025-09-01 17:24:03 - INFO - Job "job (trigger: cron[day_of_week='mon-fri', hour='17', minute='18'], next run at: 2025-09-02 17:18:00 CST)" executed successfully
2025-09-01 17:24:47 - INFO - Scheduler has been shut down
